<?xml version="1.0" encoding="UTF-8"?>
<!-- Generated by org.testng.reporters.JUnitXMLReporter -->
<testsuite ignored="0" hostname="DESKTOP-3KCFVHM" failures="1" tests="3" name="Error Validation login" time="45.914" errors="0" timestamp="03 Dec 2023 12:19:54 GMT">
  <testcase classname="FrameworkPractice.Test.ErrorValidation" name="loginErrorValidation" time="0.874">
    <skipped/>
  </testcase> <!-- loginErrorValidation -->
  <testcase classname="FrameworkPractice.Test.ErrorValidation" name="loginErrorValidation" time="0.686">
    <failure type="java.lang.AssertionError" message="expected [Incorrect email or password.] but found [Incorrect email password]">
      <![CDATA[java.lang.AssertionError: expected [Incorrect email or password.] but found [Incorrect email password]
at FrameworkPractice.Test.ErrorValidation.loginErrorValidation(ErrorValidation.java:35)
at java.base/java.util.concurrent.FutureTask.run(FutureTask.java:317)
at java.base/java.util.concurrent.ThreadPoolExecutor.runWorker(ThreadPoolExecutor.java:1144)
at java.base/java.util.concurrent.ThreadPoolExecutor$Worker.run(ThreadPoolExecutor.java:642)
at java.base/java.lang.Thread.run(Thread.java:1589)
... Removed 20 stack frames]]>
    </failure>
  </testcase> <!-- loginErrorValidation -->
  <testcase classname="FrameworkPractice.Test.ErrorValidation" name="searchProductValidation" time="25.371"/>
</testsuite> <!-- Error Validation login -->
