<?xml version="1.0" encoding="UTF-8"?>
<!-- Generated by org.testng.reporters.JUnitXMLReporter -->
<testsuite ignored="0" hostname="DESKTOP-3KCFVHM" failures="0" tests="3" name="Submit order " time="61.087" errors="0" timestamp="03 Dec 2023 12:20:09 GMT">
  <testcase classname="FrameworkPractice.Test.SubmitOrderTest" name="submitOrder" time="19.952"/>
  <testcase classname="FrameworkPractice.Test.SubmitOrderTest" name="submitOrder" time="20.039"/>
  <testcase classname="FrameworkPractice.Test.SubmitOrderTest" name="orderProductDisplayed" time="0.95"/>
</testsuite> <!-- Submit order  -->
