<?xml version="1.0" encoding="UTF-8"?>
<!-- Generated by org.testng.reporters.JUnitXMLReporter -->
<testsuite ignored="0" hostname="DESKTOP-3KCFVHM" failures="1" tests="3" name="Error Validation login" time="68.244" errors="0" timestamp="09 Dec 2023 11:01:02 GMT">
  <testcase classname="FrameworkPractice.Test.ErrorValidation" name="loginErrorValidation" time="0.769">
    <skipped/>
  </testcase> <!-- loginErrorValidation -->
  <testcase classname="FrameworkPractice.Test.ErrorValidation" name="loginErrorValidation" time="0.552">
    <failure type="java.lang.AssertionError" message="expected [Incorrect email or password.] but found [Incorrect email password]">
      <![CDATA[java.lang.AssertionError: expected [Incorrect email or password.] but found [Incorrect email password]
at FrameworkPractice.Test.ErrorValidation.loginErrorValidation(ErrorValidation.java:35)
at java.base/java.util.concurrent.FutureTask.run(FutureTask.java:264)
at java.base/java.util.concurrent.ThreadPoolExecutor.runWorker(ThreadPoolExecutor.java:1136)
at java.base/java.util.concurrent.ThreadPoolExecutor$Worker.run(ThreadPoolExecutor.java:635)
at java.base/java.lang.Thread.run(Thread.java:842)
... Removed 22 stack frames]]>
    </failure>
  </testcase> <!-- loginErrorValidation -->
  <testcase classname="FrameworkPractice.Test.ErrorValidation" name="searchProductValidation" time="23.608"/>
</testsuite> <!-- Error Validation login -->
