<?xml version="1.0" encoding="UTF-8"?>
<!-- Generated by org.testng.reporters.JUnitXMLReporter -->
<testsuite ignored="0" hostname="DESKTOP-3KCFVHM" failures="0" tests="3" name="Submit order " time="78.862" errors="0" timestamp="09 Dec 2023 11:01:12 GMT">
  <testcase classname="FrameworkPractice.Test.SubmitOrderTest" name="submitOrder" time="20.162"/>
  <testcase classname="FrameworkPractice.Test.SubmitOrderTest" name="submitOrder" time="19.714"/>
  <testcase classname="FrameworkPractice.Test.SubmitOrderTest" name="orderProductDisplayed" time="0.685"/>
</testsuite> <!-- Submit order  -->
